#
# A fatal error has been detected by the Java Runtime Environment:
#
#  SIGSEGV (0xb) at pc=0x00007fd34600f32b, pid=106099, tid=106122
#
# JRE version: OpenJDK Runtime Environment (11.0.11+9) (build 11.0.11+9-Ubuntu-0ubuntu2.20.10)
# Java VM: OpenJDK 64-Bit Server VM (11.0.11+9-Ubuntu-0ubuntu2.20.10, mixed mode, sharing, tiered, compressed oops, g1 gc, linux-amd64)
# Problematic frame:
# C  [libjimage.so+0x332b]
#
# Core dump will be written. Default location: Core dumps may be processed with "/usr/share/apport/apport %p %s %c %d %P %E" (or dumping to /home/miratava/test/study_pytest/allure_report/core.106099)
#
# If you would like to submit a bug report, please visit:
#   https://bugs.launchpad.net/ubuntu/+source/openjdk-lts
#

---------------  S U M M A R Y ------------

Command Line: io.qameta.allure.CommandLine serve

Host: Intel(R) Core(TM) i5-8265U CPU @ 1.60GHz, 8 cores, 15G, Ubuntu 20.10
Time: Fri Aug 27 17:20:12 2021 CEST elapsed time: 172379.536939 seconds (1d 23h 52m 59s)

---------------  T H R E A D  ---------------

Current thread (0x00007fd3401d3800):  JavaThread "Signal Dispatcher" daemon [_thread_in_vm, id=106122, stack(0x00007fd30ac52000,0x00007fd30ad53000)]

Stack: [0x00007fd30ac52000,0x00007fd30ad53000],  sp=0x00007fd30ad50150,  free space=1016k
Native frames: (J=compiled Java code, A=aot compiled Java code, j=interpreted, Vv=VM code, C=native code)
C  [libjimage.so+0x332b]
C  [libjimage.so+0x3fe2]
C  [libjimage.so+0x44e1]  JIMAGE_FindResource+0xf1
V  [libjvm.so+0x5af841]
V  [libjvm.so+0x5b2011]
V  [libjvm.so+0xddaefd]
V  [libjvm.so+0xdd9a8a]
V  [libjvm.so+0xddbe7b]
V  [libjvm.so+0x66234e]
V  [libjvm.so+0x849f66]
j  jdk.internal.misc.Signal.dispatch(I)V+25 java.base@11.0.11
v  ~StubRoutines::call_stub
V  [libjvm.so+0x853321]
V  [libjvm.so+0x852322]
V  [libjvm.so+0xbbe83b]
V  [libjvm.so+0xe114d3]
V  [libjvm.so+0xe0db20]
V  [libjvm.so+0xbd0616]

Java frames: (J=compiled Java code, j=interpreted, Vv=VM code)
j  jdk.internal.misc.Signal.dispatch(I)V+25 java.base@11.0.11
v  ~StubRoutines::call_stub

siginfo: si_signo: 11 (SIGSEGV), si_code: 1 (SEGV_MAPERR), si_addr: 0x00007fd33787e8e0

Register to memory mapping:

RAX=0x00007fd346013b30: <offset 0x0000000000007b30> in /usr/lib/jvm/java-11-openjdk-amd64/lib/libjimage.so at 0x00007fd34600c000
RBX=0x00007fd30ad50201 is pointing into the stack for thread: 0x00007fd3401d3800
RCX=0x00007fd30ad50223 is pointing into the stack for thread: 0x00007fd3401d3800
RDX=0x0000000000001a31 is an unknown value
RSP=0x00007fd30ad50150 is pointing into the stack for thread: 0x00007fd3401d3800
RBP=0x00007fd30ad50170 is pointing into the stack for thread: 0x00007fd3401d3800
RSI=0x00007fd33787801c is an unknown value
RDI=0x00007fd346014030: <offset 0x0000000000008030> in /usr/lib/jvm/java-11-openjdk-amd64/lib/libjimage.so at 0x00007fd34600c000
R8 =0x00007fd30ad51298 is pointing into the stack for thread: 0x00007fd3401d3800
R9 =0x00007fd3401d4f30 points into unknown readable memory: 0x0000000000000002 | 02 00 00 00 00 00 00 00
R10=0x0000000000000021 is an unknown value
R11=0x00000000ffffffff is an unknown value
R12=0x000000000000843b is an unknown value
R13=0x00007fd30ad50200 is pointing into the stack for thread: 0x00007fd3401d3800
R14=0x0 is NULL
R15=0x00007fd3401d3e00 points into unknown readable memory: 0x65746e692f6b646a | 6a 64 6b 2f 69 6e 74 65


Registers:
RAX=0x00007fd346013b30, RBX=0x00007fd30ad50201, RCX=0x00007fd30ad50223, RDX=0x0000000000001a31
RSP=0x00007fd30ad50150, RBP=0x00007fd30ad50170, RSI=0x00007fd33787801c, RDI=0x00007fd346014030
R8 =0x00007fd30ad51298, R9 =0x00007fd3401d4f30, R10=0x0000000000000021, R11=0x00000000ffffffff
R12=0x000000000000843b, R13=0x00007fd30ad50200, R14=0x0000000000000000, R15=0x00007fd3401d3e00
RIP=0x00007fd34600f32b, EFLAGS=0x0000000000010246, CSGSFS=0x002b000000000033, ERR=0x0000000000000004
  TRAPNO=0x000000000000000e

Top of Stack: (sp=0x00007fd30ad50150)
0x00007fd30ad50150:   0000000000000000 00007fd30ad51298
0x00007fd30ad50160:   00007fd340009f60 00007fd30ad50200
0x00007fd30ad50170:   00007fd30ad501e0 00007fd34600ffe2
0x00007fd30ad50180:   0000000000000000 0000000000000000 

Instructions: (pc=0x00007fd34600f32b)
0x00007fd34600f22b:   8b 43 48 48 8d 50 1c 49 01 c5 48 89 53 50 44 89
0x00007fd34600f23b:   e2 48 01 c2 4c 89 6b 58 48 89 53 60 43 8d 14 04
0x00007fd34600f24b:   48 01 d0 48 89 43 68 e8 59 f0 ff ff 48 8b 53 10
0x00007fd34600f25b:   48 85 c0 48 89 18 48 89 50 08 48 89 43 70 0f 95
0x00007fd34600f26b:   c0 e9 a7 fe ff ff 90 66 66 2e 0f 1f 84 00 00 00
0x00007fd34600f27b:   00 00 0f 1f 00 f3 0f 1e fa 0f b6 07 89 f2 48 8d
0x00007fd34600f28b:   4f 01 84 c0 74 1d 0f 1f 80 00 00 00 00 69 d2 93
0x00007fd34600f29b:   01 00 01 48 83 c1 01 31 c2 0f b6 41 ff 84 c0 75
0x00007fd34600f2ab:   ec 89 d6 89 f0 25 ff ff ff 7f c3 66 2e 0f 1f 84
0x00007fd34600f2bb:   00 00 00 00 00 f3 0f 1e fa 48 85 d2 0f 84 da 00
0x00007fd34600f2cb:   00 00 55 48 89 e5 41 55 41 54 41 89 cc 53 48 83
0x00007fd34600f2db:   ec 08 85 c9 0f 84 ba 00 00 00 49 89 f5 48 89 d6
0x00007fd34600f2eb:   41 0f b6 55 00 49 8d 5d 01 84 d2 0f 84 9c 00 00
0x00007fd34600f2fb:   00 48 89 d9 b8 93 01 00 01 0f 1f 40 00 69 c0 93
0x00007fd34600f30b:   01 00 01 48 83 c1 01 31 d0 0f b6 51 ff 84 d2 75
0x00007fd34600f31b:   ec 25 ff ff ff 7f 31 d2 41 f7 f4 48 8b 07 89 d2
0x00007fd34600f32b:   8b 34 96 ff 50 20 85 c0 7f 1b 74 68 f7 d0 41 89
0x00007fd34600f33b:   c0 48 83 c4 08 44 89 c0 5b 41 5c 41 5d 5d c3 66
0x00007fd34600f34b:   0f 1f 44 00 00 41 0f b6 4d 00 89 c6 84 c9 74 1b
0x00007fd34600f35b:   0f 1f 44 00 00 69 f6 93 01 00 01 48 83 c3 01 31
0x00007fd34600f36b:   ce 0f b6 4b ff 84 c9 75 ec 89 f0 25 ff ff ff 7f
0x00007fd34600f37b:   31 d2 48 83 c4 08 41 f7 f4 5b 41 5c 41 5d 5d 41
0x00007fd34600f38b:   89 d0 44 89 c0 c3 0f 1f 80 00 00 00 00 b8 93 01
0x00007fd34600f39b:   00 01 eb 82 41 b8 ff ff ff ff eb 95 41 83 c8 ff
0x00007fd34600f3ab:   44 89 c0 c3 90 f3 0f 1e fa eb 1d 66 2e 0f 1f 84
0x00007fd34600f3bb:   00 00 00 00 00 0f b6 16 84 d2 74 13 38 c2 75 15
0x00007fd34600f3cb:   48 83 c7 01 48 83 c6 01 0f b6 07 84 c0 75 e6 48
0x00007fd34600f3db:   89 f8 c3 66 90 31 c0 c3 90 66 66 2e 0f 1f 84 00
0x00007fd34600f3eb:   00 00 00 00 90 f3 0f 1e fa 49 89 f9 49 89 f2 48
0x00007fd34600f3fb:   85 f6 74 5c 41 0f b6 02 84 c0 74 54 66 0f 1f 84
0x00007fd34600f40b:   00 00 00 00 00 89 c2 89 c7 83 e0 07 c0 ea 03 49
0x00007fd34600f41b:   8d 74 02 02 83 e7 07 31 c0 44 0f b6 c2 49 8d 52 


Stack slot to memory mapping:
stack at sp + 0 slots: 0x0 is NULL
stack at sp + 1 slots: 0x00007fd30ad51298 is pointing into the stack for thread: 0x00007fd3401d3800
stack at sp + 2 slots: 0x00007fd340009f60 points into unknown readable memory: 0x00007fd56d341109 | 09 11 34 6d d5 7f 00 00
stack at sp + 3 slots: 0x00007fd30ad50200 is pointing into the stack for thread: 0x00007fd3401d3800
stack at sp + 4 slots: 0x00007fd30ad501e0 is pointing into the stack for thread: 0x00007fd3401d3800
stack at sp + 5 slots: 0x00007fd34600ffe2: <offset 0x0000000000003fe2> in /usr/lib/jvm/java-11-openjdk-amd64/lib/libjimage.so at 0x00007fd34600c000
stack at sp + 6 slots: 0x0 is NULL
stack at sp + 7 slots: 0x0 is NULL


---------------  P R O C E S S  ---------------

Threads class SMR info:
_java_thread_list=0x00007fd2c4005710, length=21, elements={
0x00007fd340017000, 0x00007fd3401ca800, 0x00007fd3401cc800, 0x00007fd3401d3800,
0x00007fd3401d5800, 0x00007fd3401d7800, 0x00007fd3401d9800, 0x00007fd3401db800,
0x00007fd340256800, 0x00007fd340caf000, 0x00007fd340d53800, 0x00007fd340d55000,
0x00007fd340d57000, 0x00007fd340d5b000, 0x00007fd340d5d000, 0x00007fd340e3b800,
0x00007fd340e3e000, 0x00007fd2ac010000, 0x00007fd2c4002000, 0x00007fd2b8001800,
0x00007fd2c4004000
}

Java Threads: ( => current thread )
  0x00007fd340017000 JavaThread "main" [_thread_blocked, id=106113, stack(0x00007fd3446da000,0x00007fd3447db000)]
  0x00007fd3401ca800 JavaThread "Reference Handler" daemon [_thread_blocked, id=106120, stack(0x00007fd318186000,0x00007fd318287000)]
  0x00007fd3401cc800 JavaThread "Finalizer" daemon [_thread_blocked, id=106121, stack(0x00007fd318085000,0x00007fd318186000)]
=>0x00007fd3401d3800 JavaThread "Signal Dispatcher" daemon [_thread_in_vm, id=106122, stack(0x00007fd30ac52000,0x00007fd30ad53000)]
  0x00007fd3401d5800 JavaThread "Service Thread" daemon [_thread_blocked, id=106123, stack(0x00007fd30ab51000,0x00007fd30ac52000)]
  0x00007fd3401d7800 JavaThread "C2 CompilerThread0" daemon [_thread_blocked, id=106124, stack(0x00007fd30aa50000,0x00007fd30ab51000)]
  0x00007fd3401d9800 JavaThread "C1 CompilerThread0" daemon [_thread_blocked, id=106125, stack(0x00007fd30a94f000,0x00007fd30aa50000)]
  0x00007fd3401db800 JavaThread "Sweeper thread" daemon [_thread_blocked, id=106126, stack(0x00007fd30a84e000,0x00007fd30a94f000)]
  0x00007fd340256800 JavaThread "Common-Cleaner" daemon [_thread_blocked, id=106128, stack(0x00007fd30a64b000,0x00007fd30a74c000)]
  0x00007fd340caf000 JavaThread "ForkJoinPool.commonPool-worker-3" daemon [_thread_blocked, id=106133, stack(0x00007fd309b42000,0x00007fd309c43000)]
  0x00007fd340d53800 JavaThread "qtp977160959-16" [_thread_blocked, id=106138, stack(0x00007fd308f34000,0x00007fd309035000)]
  0x00007fd340d55000 JavaThread "qtp977160959-17" [_thread_blocked, id=106139, stack(0x00007fd308e33000,0x00007fd308f34000)]
  0x00007fd340d57000 JavaThread "qtp977160959-18-acceptor-0@6fb0e7e1-ServerConnector@75f5fd58{HTTP/1.1,[http/1.1]}{0.0.0.0:39579}" [_thread_in_native, id=106140, stack(0x00007fd308d32000,0x00007fd308e33000)]